==> Upgrading 1 outdated package, with result:
glib 2.54.0
==> Upgrading glib 
==> Downloading https://download.gnome.org/sources/glib/2.54/glib-2.54.0.tar.xz
Already downloaded: /home/ec2-user/.cache/Homebrew/glib-2.54.0.tar.xz
==> Downloading https://raw.githubusercontent.com/Homebrew/formula-patches/59e4d32/glib/hardcoded-paths.diff
Already downloaded: /home/ec2-user/.cache/Homebrew/glib--patch-a4cb96b5861672ec0750cb30ecebe1d417d38052cac12fbb8a77dbf04a886fcb.diff
==> Downloading https://raw.githubusercontent.com/Homebrew/formula-patches/13efbb2/glib/gio.patch
Already downloaded: /home/ec2-user/.cache/Homebrew/glib--patch-628f8ea171a29c67fb06461ce4cfe549846b8fe64d83466e18e225726615b997.patch
==> Downloading https://raw.githubusercontent.com/Homebrew/formula-patches/73738ca/glib/revert-appinfo-contenttype.patch
Already downloaded: /home/ec2-user/.cache/Homebrew/glib--patch-675369c6d956b5533865178a2a78a6b2dcb921fbcfd81d35e92fc1592323e5e4.patch
==> Patching
==> Applying hardcoded-paths.diff
patching file gio/gdbusprivate.c
Hunk #1 succeeded at 2098 (offset -1 lines).
Hunk #2 succeeded at 2108 (offset -1 lines).
patching file gio/xdgmime/xdgmime.c
patching file glib/gutils.c
Hunk #1 succeeded at 2017 with fuzz 2 (offset 79 lines).
==> Applying gio.patch
patching file configure.ac
patching file gio/Makefile.am
Hunk #1 succeeded at 137 (offset 2 lines).
Hunk #2 succeeded at 290 (offset 8 lines).
Hunk #3 succeeded at 608 (offset 23 lines).
==> Applying revert-appinfo-contenttype.patch
patching file gio/Makefile.am
Hunk #3 succeeded at 394 (offset 5 lines).
Hunk #4 succeeded at 871 (offset 4 lines).
Hunk #5 succeeded at 881 (offset 4 lines).
patching file gio/giomodule.c
patching file gio/glocalfileinfo.c
Hunk #1 succeeded at 1269 (offset 10 lines).
patching file gio/tests/Makefile.am
==> autoreconf -i -f
Last 15 lines from /home/ec2-user/.cache/Homebrew/Logs/glib/01.autoreconf:
2017-09-18 21:31:07 -0400

autoreconf
-i
-f

Can't exec "glibtoolize": No such file or directory at /home/linuxbrew/.linuxbrew/Cellar/autoconf/2.69/share/autoconf/Autom4te/FileUtils.pm line 345, <GEN3> line 4.
autoreconf: failed to run glibtoolize: No such file or directory
autoreconf: glibtoolize is needed because this package uses Libtool

READ THIS: https://github.com/Linuxbrew/brew/blob/master/docs/Troubleshooting.md#troubleshooting
Please do not report this issue to Homebrew/brew or Homebrew/core, which support macOS only.

These open issues may also help:
glib failed to build on CentOS Linux release 7.3.1611 https://github.com/Linuxbrew/homebrew-core/issues/4248

